<?xml version="1.0" encoding="UTF-8"?>
<robot generator="Robot 4.1.3 (Python 3.8.10 on linux)" generated="20220317 17:58:38.942" rpa="false" schemaversion="2">
<suite id="s1" name="Verify Emergency Contact Suite" source="/home/indranee/Robot_Framework/my_info_suite/verify_emergency_contact_suite.robot">
<test id="s1-t1" name="TC1">
<kw name="Launch Browser" library="CommonFunctionality" type="SETUP">
<kw name="Open Browser" library="SeleniumLibrary">
<arg>browser=${BROWSER_NAME}</arg>
<arg>executable_path=${EXECDIR}${/}driver${/}chromedriver</arg>
<doc>Opens a new browser instance to the optional ``url``.</doc>
<msg timestamp="20220317 17:58:39.331" level="INFO">Opening browser 'chrome' to base url 'None'.</msg>
<status status="PASS" starttime="20220317 17:58:39.331" endtime="20220317 17:58:40.103"/>
</kw>
<kw name="Maximize Browser Window" library="SeleniumLibrary">
<doc>Maximizes current browser window.</doc>
<status status="PASS" starttime="20220317 17:58:40.103" endtime="20220317 17:58:40.240"/>
</kw>
<kw name="Set Selenium Implicit Wait" library="SeleniumLibrary">
<arg>30s</arg>
<doc>Sets the implicit wait value used by Selenium.</doc>
<status status="PASS" starttime="20220317 17:58:40.240" endtime="20220317 17:58:40.243"/>
</kw>
<kw name="Go To" library="SeleniumLibrary">
<arg>url=${URL}</arg>
<doc>Navigates the current browser window to the provided ``url``.</doc>
<msg timestamp="20220317 17:58:40.243" level="INFO">Opening url 'https://opensource-demo.orangehrmlive.com/'</msg>
<status status="PASS" starttime="20220317 17:58:40.243" endtime="20220317 17:58:45.296"/>
</kw>
<status status="PASS" starttime="20220317 17:58:39.331" endtime="20220317 17:58:45.296"/>
</kw>
<kw name="Verify Add Emergency Contact Test">
<arg>Admin</arg>
<arg>admin123</arg>
<arg>John</arg>
<arg>Brother</arg>
<arg>23</arg>
<kw name="Launch Browser" library="CommonFunctionality">
<kw name="Open Browser" library="SeleniumLibrary">
<arg>browser=${BROWSER_NAME}</arg>
<arg>executable_path=${EXECDIR}${/}driver${/}chromedriver</arg>
<doc>Opens a new browser instance to the optional ``url``.</doc>
<msg timestamp="20220317 17:58:45.297" level="INFO">Opening browser 'chrome' to base url 'None'.</msg>
<status status="PASS" starttime="20220317 17:58:45.297" endtime="20220317 17:58:46.090"/>
</kw>
<kw name="Maximize Browser Window" library="SeleniumLibrary">
<doc>Maximizes current browser window.</doc>
<status status="PASS" starttime="20220317 17:58:46.090" endtime="20220317 17:58:46.226"/>
</kw>
<kw name="Set Selenium Implicit Wait" library="SeleniumLibrary">
<arg>30s</arg>
<doc>Sets the implicit wait value used by Selenium.</doc>
<status status="PASS" starttime="20220317 17:58:46.226" endtime="20220317 17:58:46.230"/>
</kw>
<kw name="Go To" library="SeleniumLibrary">
<arg>url=${URL}</arg>
<doc>Navigates the current browser window to the provided ``url``.</doc>
<msg timestamp="20220317 17:58:46.230" level="INFO">Opening url 'https://opensource-demo.orangehrmlive.com/'</msg>
<status status="PASS" starttime="20220317 17:58:46.230" endtime="20220317 17:58:51.416"/>
</kw>
<status status="PASS" starttime="20220317 17:58:45.297" endtime="20220317 17:58:51.417"/>
</kw>
<kw name="Input Text" library="SeleniumLibrary">
<arg>id=txtUsername</arg>
<arg>${username}</arg>
<doc>Types the given ``text`` into the text field identified by ``locator``.</doc>
<msg timestamp="20220317 17:58:51.417" level="INFO">Typing text 'Admin' into text field 'id=txtUsername'.</msg>
<status status="PASS" starttime="20220317 17:58:51.417" endtime="20220317 17:58:51.472"/>
</kw>
<kw name="Input Password" library="SeleniumLibrary">
<arg>id=txtPassword</arg>
<arg>${password}</arg>
<doc>Types the given password into the text field identified by ``locator``.</doc>
<msg timestamp="20220317 17:58:51.473" level="INFO">Typing password into text field 'id=txtPassword'.</msg>
<msg timestamp="20220317 17:58:51.499" level="INFO">Temporally setting log level to: NONE</msg>
<msg timestamp="20220317 17:58:51.526" level="INFO">Log level changed from NONE to INFO.</msg>
<status status="PASS" starttime="20220317 17:58:51.473" endtime="20220317 17:58:51.526"/>
</kw>
<kw name="Click Element" library="SeleniumLibrary">
<arg>id=btnLogin</arg>
<doc>Click the element identified by ``locator``.</doc>
<msg timestamp="20220317 17:58:51.526" level="INFO">Clicking element 'id=btnLogin'.</msg>
<status status="PASS" starttime="20220317 17:58:51.526" endtime="20220317 17:58:56.899"/>
</kw>
<kw name="Click Element" library="SeleniumLibrary">
<arg>id=menu_pim_viewMyDetails</arg>
<doc>Click the element identified by ``locator``.</doc>
<msg timestamp="20220317 17:58:56.900" level="INFO">Clicking element 'id=menu_pim_viewMyDetails'.</msg>
<status status="PASS" starttime="20220317 17:58:56.900" endtime="20220317 17:58:58.949"/>
</kw>
<kw name="Click Element" library="SeleniumLibrary">
<arg>partial link=Emergency Contacts</arg>
<doc>Click the element identified by ``locator``.</doc>
<msg timestamp="20220317 17:58:58.949" level="INFO">Clicking element 'partial link=Emergency Contacts'.</msg>
<status status="PASS" starttime="20220317 17:58:58.949" endtime="20220317 17:59:00.209"/>
</kw>
<kw name="Click Element" library="SeleniumLibrary">
<arg>id=btnAddContact</arg>
<doc>Click the element identified by ``locator``.</doc>
<msg timestamp="20220317 17:59:00.210" level="INFO">Clicking element 'id=btnAddContact'.</msg>
<status status="PASS" starttime="20220317 17:59:00.210" endtime="20220317 17:59:00.252"/>
</kw>
<kw name="Input Text" library="SeleniumLibrary">
<arg>name=emgcontacts[name]</arg>
<arg>${emgcontact}</arg>
<doc>Types the given ``text`` into the text field identified by ``locator``.</doc>
<msg timestamp="20220317 17:59:00.253" level="INFO">Typing text 'John' into text field 'name=emgcontacts[name]'.</msg>
<status status="PASS" starttime="20220317 17:59:00.252" endtime="20220317 17:59:00.316"/>
</kw>
<kw name="Input Text" library="SeleniumLibrary">
<arg>id=emgcontacts_relationship</arg>
<arg>${emgrelation}</arg>
<doc>Types the given ``text`` into the text field identified by ``locator``.</doc>
<msg timestamp="20220317 17:59:00.316" level="INFO">Typing text 'Brother' into text field 'id=emgcontacts_relationship'.</msg>
<status status="PASS" starttime="20220317 17:59:00.316" endtime="20220317 17:59:00.375"/>
</kw>
<kw name="Input Text" library="SeleniumLibrary">
<arg>id=emgcontacts_homePhone</arg>
<arg>${emgphone}</arg>
<doc>Types the given ``text`` into the text field identified by ``locator``.</doc>
<msg timestamp="20220317 17:59:00.376" level="INFO">Typing text '23' into text field 'id=emgcontacts_homePhone'.</msg>
<status status="PASS" starttime="20220317 17:59:00.375" endtime="20220317 17:59:00.432"/>
</kw>
<kw name="Click Element" library="SeleniumLibrary">
<arg>id=btnSaveEContact</arg>
<doc>Click the element identified by ``locator``.</doc>
<msg timestamp="20220317 17:59:00.433" level="INFO">Clicking element 'id=btnSaveEContact'.</msg>
<status status="PASS" starttime="20220317 17:59:00.433" endtime="20220317 17:59:02.083"/>
</kw>
<kw name="Table Should Contain" library="SeleniumLibrary">
<arg>id=emgcontact_list</arg>
<arg>${emgcontact}</arg>
<doc>Verifies table contains text ``expected``.</doc>
<status status="PASS" starttime="20220317 17:59:02.083" endtime="20220317 17:59:02.342"/>
</kw>
<kw name="Table Should Contain" library="SeleniumLibrary">
<arg>id=emgcontact_list</arg>
<arg>${emgphone}</arg>
<doc>Verifies table contains text ``expected``.</doc>
<status status="PASS" starttime="20220317 17:59:02.342" endtime="20220317 17:59:02.527"/>
</kw>
<status status="PASS" starttime="20220317 17:58:45.297" endtime="20220317 17:59:02.527"/>
</kw>
<kw name="Close Browser" library="SeleniumLibrary" type="TEARDOWN">
<doc>Closes the current browser.</doc>
<status status="PASS" starttime="20220317 17:59:02.527" endtime="20220317 17:59:02.583"/>
</kw>
<status status="PASS" starttime="20220317 17:58:39.330" endtime="20220317 17:59:02.584"/>
</test>
<test id="s1-t2" name="TC1">
<kw name="Launch Browser" library="CommonFunctionality" type="SETUP">
<kw name="Open Browser" library="SeleniumLibrary">
<arg>browser=${BROWSER_NAME}</arg>
<arg>executable_path=${EXECDIR}${/}driver${/}chromedriver</arg>
<doc>Opens a new browser instance to the optional ``url``.</doc>
<msg timestamp="20220317 17:59:02.586" level="INFO">Opening browser 'chrome' to base url 'None'.</msg>
<status status="PASS" starttime="20220317 17:59:02.586" endtime="20220317 17:59:03.355"/>
</kw>
<kw name="Maximize Browser Window" library="SeleniumLibrary">
<doc>Maximizes current browser window.</doc>
<status status="PASS" starttime="20220317 17:59:03.355" endtime="20220317 17:59:03.482"/>
</kw>
<kw name="Set Selenium Implicit Wait" library="SeleniumLibrary">
<arg>30s</arg>
<doc>Sets the implicit wait value used by Selenium.</doc>
<status status="PASS" starttime="20220317 17:59:03.482" endtime="20220317 17:59:03.485"/>
</kw>
<kw name="Go To" library="SeleniumLibrary">
<arg>url=${URL}</arg>
<doc>Navigates the current browser window to the provided ``url``.</doc>
<msg timestamp="20220317 17:59:03.485" level="INFO">Opening url 'https://opensource-demo.orangehrmlive.com/'</msg>
<status status="PASS" starttime="20220317 17:59:03.485" endtime="20220317 17:59:08.488"/>
</kw>
<status status="PASS" starttime="20220317 17:59:02.586" endtime="20220317 17:59:08.489"/>
</kw>
<kw name="Verify Add Emergency Contact Test">
<arg>Admin</arg>
<arg>admin123</arg>
<arg>Sam</arg>
<arg>Brother</arg>
<arg>32</arg>
<kw name="Launch Browser" library="CommonFunctionality">
<kw name="Open Browser" library="SeleniumLibrary">
<arg>browser=${BROWSER_NAME}</arg>
<arg>executable_path=${EXECDIR}${/}driver${/}chromedriver</arg>
<doc>Opens a new browser instance to the optional ``url``.</doc>
<msg timestamp="20220317 17:59:08.491" level="INFO">Opening browser 'chrome' to base url 'None'.</msg>
<status status="PASS" starttime="20220317 17:59:08.490" endtime="20220317 17:59:09.268"/>
</kw>
<kw name="Maximize Browser Window" library="SeleniumLibrary">
<doc>Maximizes current browser window.</doc>
<status status="PASS" starttime="20220317 17:59:09.268" endtime="20220317 17:59:09.392"/>
</kw>
<kw name="Set Selenium Implicit Wait" library="SeleniumLibrary">
<arg>30s</arg>
<doc>Sets the implicit wait value used by Selenium.</doc>
<status status="PASS" starttime="20220317 17:59:09.392" endtime="20220317 17:59:09.398"/>
</kw>
<kw name="Go To" library="SeleniumLibrary">
<arg>url=${URL}</arg>
<doc>Navigates the current browser window to the provided ``url``.</doc>
<msg timestamp="20220317 17:59:09.399" level="INFO">Opening url 'https://opensource-demo.orangehrmlive.com/'</msg>
<status status="PASS" starttime="20220317 17:59:09.398" endtime="20220317 17:59:14.157"/>
</kw>
<status status="PASS" starttime="20220317 17:59:08.490" endtime="20220317 17:59:14.157"/>
</kw>
<kw name="Input Text" library="SeleniumLibrary">
<arg>id=txtUsername</arg>
<arg>${username}</arg>
<doc>Types the given ``text`` into the text field identified by ``locator``.</doc>
<msg timestamp="20220317 17:59:14.158" level="INFO">Typing text 'Admin' into text field 'id=txtUsername'.</msg>
<status status="PASS" starttime="20220317 17:59:14.157" endtime="20220317 17:59:14.213"/>
</kw>
<kw name="Input Password" library="SeleniumLibrary">
<arg>id=txtPassword</arg>
<arg>${password}</arg>
<doc>Types the given password into the text field identified by ``locator``.</doc>
<msg timestamp="20220317 17:59:14.213" level="INFO">Typing password into text field 'id=txtPassword'.</msg>
<msg timestamp="20220317 17:59:14.242" level="INFO">Temporally setting log level to: NONE</msg>
<msg timestamp="20220317 17:59:14.267" level="INFO">Log level changed from NONE to INFO.</msg>
<status status="PASS" starttime="20220317 17:59:14.213" endtime="20220317 17:59:14.267"/>
</kw>
<kw name="Click Element" library="SeleniumLibrary">
<arg>id=btnLogin</arg>
<doc>Click the element identified by ``locator``.</doc>
<msg timestamp="20220317 17:59:14.267" level="INFO">Clicking element 'id=btnLogin'.</msg>
<status status="PASS" starttime="20220317 17:59:14.267" endtime="20220317 17:59:19.862"/>
</kw>
<kw name="Click Element" library="SeleniumLibrary">
<arg>id=menu_pim_viewMyDetails</arg>
<doc>Click the element identified by ``locator``.</doc>
<msg timestamp="20220317 17:59:19.862" level="INFO">Clicking element 'id=menu_pim_viewMyDetails'.</msg>
<status status="PASS" starttime="20220317 17:59:19.862" endtime="20220317 17:59:25.653"/>
</kw>
<kw name="Click Element" library="SeleniumLibrary">
<arg>partial link=Emergency Contacts</arg>
<doc>Click the element identified by ``locator``.</doc>
<msg timestamp="20220317 17:59:25.653" level="INFO">Clicking element 'partial link=Emergency Contacts'.</msg>
<status status="PASS" starttime="20220317 17:59:25.653" endtime="20220317 17:59:26.911"/>
</kw>
<kw name="Click Element" library="SeleniumLibrary">
<arg>id=btnAddContact</arg>
<doc>Click the element identified by ``locator``.</doc>
<msg timestamp="20220317 17:59:26.912" level="INFO">Clicking element 'id=btnAddContact'.</msg>
<status status="PASS" starttime="20220317 17:59:26.912" endtime="20220317 17:59:26.968"/>
</kw>
<kw name="Input Text" library="SeleniumLibrary">
<arg>name=emgcontacts[name]</arg>
<arg>${emgcontact}</arg>
<doc>Types the given ``text`` into the text field identified by ``locator``.</doc>
<msg timestamp="20220317 17:59:26.969" level="INFO">Typing text 'Sam' into text field 'name=emgcontacts[name]'.</msg>
<status status="PASS" starttime="20220317 17:59:26.968" endtime="20220317 17:59:27.029"/>
</kw>
<kw name="Input Text" library="SeleniumLibrary">
<arg>id=emgcontacts_relationship</arg>
<arg>${emgrelation}</arg>
<doc>Types the given ``text`` into the text field identified by ``locator``.</doc>
<msg timestamp="20220317 17:59:27.029" level="INFO">Typing text 'Brother' into text field 'id=emgcontacts_relationship'.</msg>
<status status="PASS" starttime="20220317 17:59:27.029" endtime="20220317 17:59:27.085"/>
</kw>
<kw name="Input Text" library="SeleniumLibrary">
<arg>id=emgcontacts_homePhone</arg>
<arg>${emgphone}</arg>
<doc>Types the given ``text`` into the text field identified by ``locator``.</doc>
<msg timestamp="20220317 17:59:27.085" level="INFO">Typing text '32' into text field 'id=emgcontacts_homePhone'.</msg>
<status status="PASS" starttime="20220317 17:59:27.085" endtime="20220317 17:59:27.146"/>
</kw>
<kw name="Click Element" library="SeleniumLibrary">
<arg>id=btnSaveEContact</arg>
<doc>Click the element identified by ``locator``.</doc>
<msg timestamp="20220317 17:59:27.147" level="INFO">Clicking element 'id=btnSaveEContact'.</msg>
<status status="PASS" starttime="20220317 17:59:27.147" endtime="20220317 17:59:28.896"/>
</kw>
<kw name="Table Should Contain" library="SeleniumLibrary">
<arg>id=emgcontact_list</arg>
<arg>${emgcontact}</arg>
<doc>Verifies table contains text ``expected``.</doc>
<status status="PASS" starttime="20220317 17:59:28.896" endtime="20220317 17:59:29.157"/>
</kw>
<kw name="Table Should Contain" library="SeleniumLibrary">
<arg>id=emgcontact_list</arg>
<arg>${emgphone}</arg>
<doc>Verifies table contains text ``expected``.</doc>
<status status="PASS" starttime="20220317 17:59:29.158" endtime="20220317 17:59:29.359"/>
</kw>
<status status="PASS" starttime="20220317 17:59:08.489" endtime="20220317 17:59:29.359"/>
</kw>
<kw name="Close Browser" library="SeleniumLibrary" type="TEARDOWN">
<doc>Closes the current browser.</doc>
<status status="PASS" starttime="20220317 17:59:29.360" endtime="20220317 17:59:29.417"/>
</kw>
<status status="PASS" starttime="20220317 17:59:02.584" endtime="20220317 17:59:29.417"/>
</test>
<doc>This suite handles test cases related to emegency contact</doc>
<status status="PASS" starttime="20220317 17:58:38.942" endtime="20220317 17:59:29.418"/>
</suite>
<statistics>
<total>
<stat pass="2" fail="0" skip="0">All Tests</stat>
</total>
<tag>
</tag>
<suite>
<stat pass="2" fail="0" skip="0" id="s1" name="Verify Emergency Contact Suite">Verify Emergency Contact Suite</stat>
</suite>
</statistics>
<errors>
<msg timestamp="20220317 17:59:02.584" level="WARN">Multiple test cases with name 'TC1' executed in test suite 'Verify Emergency Contact Suite'.</msg>
</errors>
</robot>
