<?xml version="1.0" encoding="UTF-8"?>
<robot generator="Robot 4.1.3 (Python 3.8.10 on linux)" generated="20220317 13:47:12.497" rpa="false" schemaversion="2">
<suite id="s1" name="Verify Invalidcredential Suite" source="/home/indranee/Robot_Framework/login_suite/verify_invalidcredential_suite.robot">
<test id="s1-t1" name="Verify invalid credential test">
<kw name="Launch Browser" library="CommonFunctionality">
<kw name="Open Browser" library="SeleniumLibrary">
<arg>browser=${BROWSER_NAME}</arg>
<arg>executable_path=${EXECDIR}${/}driver${/}chromedriver</arg>
<doc>Opens a new browser instance to the optional ``url``.</doc>
<msg timestamp="20220317 13:47:12.594" level="INFO">Opening browser 'chrome' to base url 'None'.</msg>
<status status="PASS" starttime="20220317 13:47:12.594" endtime="20220317 13:47:13.352"/>
</kw>
<kw name="Maximize Browser Window" library="SeleniumLibrary">
<doc>Maximizes current browser window.</doc>
<status status="PASS" starttime="20220317 13:47:13.353" endtime="20220317 13:47:13.484"/>
</kw>
<kw name="Set Selenium Implicit Wait" library="SeleniumLibrary">
<arg>30s</arg>
<doc>Sets the implicit wait value used by Selenium.</doc>
<status status="PASS" starttime="20220317 13:47:13.484" endtime="20220317 13:47:13.486"/>
</kw>
<kw name="Go To" library="SeleniumLibrary">
<arg>url=${URL}</arg>
<doc>Navigates the current browser window to the provided ``url``.</doc>
<msg timestamp="20220317 13:47:13.487" level="INFO">Opening url 'https://opensource-demo.orangehrmlive.com/'</msg>
<status status="PASS" starttime="20220317 13:47:13.486" endtime="20220317 13:47:17.232"/>
</kw>
<status status="PASS" starttime="20220317 13:47:12.593" endtime="20220317 13:47:17.232"/>
</kw>
<kw name="Input Text" library="SeleniumLibrary">
<arg>id=txtUsername</arg>
<arg>Ind123</arg>
<doc>Types the given ``text`` into the text field identified by ``locator``.</doc>
<msg timestamp="20220317 13:47:17.233" level="INFO">Typing text 'Ind123' into text field 'id=txtUsername'.</msg>
<status status="PASS" starttime="20220317 13:47:17.233" endtime="20220317 13:47:17.298"/>
</kw>
<kw name="Input Password" library="SeleniumLibrary">
<arg>id=txtPassword</arg>
<arg>apass123</arg>
<doc>Types the given password into the text field identified by ``locator``.</doc>
<msg timestamp="20220317 13:47:17.299" level="INFO">Typing password into text field 'id=txtPassword'.</msg>
<msg timestamp="20220317 13:47:17.329" level="INFO">Temporally setting log level to: NONE</msg>
<msg timestamp="20220317 13:47:17.355" level="INFO">Log level changed from NONE to INFO.</msg>
<status status="PASS" starttime="20220317 13:47:17.299" endtime="20220317 13:47:17.355"/>
</kw>
<kw name="Click Element" library="SeleniumLibrary">
<arg>id=btnLogin</arg>
<doc>Click the element identified by ``locator``.</doc>
<msg timestamp="20220317 13:47:17.355" level="INFO">Clicking element 'id=btnLogin'.</msg>
<status status="PASS" starttime="20220317 13:47:17.355" endtime="20220317 13:47:18.866"/>
</kw>
<kw name="Element Text Should Be" library="SeleniumLibrary">
<arg>id=spanMessage</arg>
<arg>Invalid credentials</arg>
<doc>Verifies that element ``locator`` contains exact the text ``expected``.</doc>
<msg timestamp="20220317 13:47:18.867" level="INFO">Verifying element 'id=spanMessage' contains exact text 'Invalid credentials'.</msg>
<status status="PASS" starttime="20220317 13:47:18.867" endtime="20220317 13:47:18.883"/>
</kw>
<kw name="Close Browser" library="SeleniumLibrary" type="TEARDOWN">
<doc>Closes the current browser.</doc>
<status status="PASS" starttime="20220317 13:47:18.884" endtime="20220317 13:47:18.939"/>
</kw>
<status status="PASS" starttime="20220317 13:47:12.593" endtime="20220317 13:47:18.939"/>
</test>
<doc>This suite will handle all the test cases related
to valid credential test. Test case TC_OH_3</doc>
<status status="PASS" starttime="20220317 13:47:12.498" endtime="20220317 13:47:18.940"/>
</suite>
<statistics>
<total>
<stat pass="1" fail="0" skip="0">All Tests</stat>
</total>
<tag>
</tag>
<suite>
<stat pass="1" fail="0" skip="0" id="s1" name="Verify Invalidcredential Suite">Verify Invalidcredential Suite</stat>
</suite>
</statistics>
<errors>
</errors>
</robot>
