<?xml version="1.0" encoding="UTF-8"?>
<robot generator="Robot 4.1.3 (Python 3.8.10 on linux)" generated="20220317 12:05:00.671" rpa="false" schemaversion="2">
<suite id="s1" name="Valid Verifycredential Suite" source="/home/indranee/Robot_Framework/login_suite/valid_verifycredential_suite.robot">
<test id="s1-t1" name="Verify valid credential test">
<kw name="Launch Browser" library="CommonFunctionality">
<kw name="Open Browser" library="SeleniumLibrary">
<arg>browser=chrome</arg>
<arg>executable_path=${EXECDIR}${/}driver${/}chromedriver</arg>
<doc>Opens a new browser instance to the optional ``url``.</doc>
<msg timestamp="20220317 12:05:00.773" level="INFO">Opening browser 'chrome' to base url 'None'.</msg>
<status status="PASS" starttime="20220317 12:05:00.773" endtime="20220317 12:05:01.552"/>
</kw>
<kw name="Maximize Browser Window" library="SeleniumLibrary">
<doc>Maximizes current browser window.</doc>
<status status="PASS" starttime="20220317 12:05:01.553" endtime="20220317 12:05:01.696"/>
</kw>
<kw name="Set Selenium Implicit Wait" library="SeleniumLibrary">
<arg>30s</arg>
<doc>Sets the implicit wait value used by Selenium.</doc>
<status status="PASS" starttime="20220317 12:05:01.697" endtime="20220317 12:05:01.699"/>
</kw>
<kw name="Go To" library="SeleniumLibrary">
<arg>url=https://opensource-demo.orangehrmlive.com/</arg>
<doc>Navigates the current browser window to the provided ``url``.</doc>
<msg timestamp="20220317 12:05:01.700" level="INFO">Opening url 'https://opensource-demo.orangehrmlive.com/'</msg>
<status status="PASS" starttime="20220317 12:05:01.699" endtime="20220317 12:05:05.738"/>
</kw>
<status status="PASS" starttime="20220317 12:05:00.772" endtime="20220317 12:05:05.739"/>
</kw>
<kw name="Input Text" library="SeleniumLibrary">
<arg>id=txtUsername</arg>
<arg>Admin</arg>
<doc>Types the given ``text`` into the text field identified by ``locator``.</doc>
<msg timestamp="20220317 12:05:05.739" level="INFO">Typing text 'Admin' into text field 'id=txtUsername'.</msg>
<status status="PASS" starttime="20220317 12:05:05.739" endtime="20220317 12:05:05.787"/>
</kw>
<kw name="Input Password" library="SeleniumLibrary">
<arg>id=txtPassword</arg>
<arg>admin123</arg>
<doc>Types the given password into the text field identified by ``locator``.</doc>
<msg timestamp="20220317 12:05:05.788" level="INFO">Typing password into text field 'id=txtPassword'.</msg>
<msg timestamp="20220317 12:05:05.812" level="INFO">Temporally setting log level to: NONE</msg>
<msg timestamp="20220317 12:05:05.836" level="INFO">Log level changed from NONE to INFO.</msg>
<status status="PASS" starttime="20220317 12:05:05.788" endtime="20220317 12:05:05.836"/>
</kw>
<kw name="Click Element" library="SeleniumLibrary">
<arg>id=btnLogin</arg>
<doc>Click the element identified by ``locator``.</doc>
<msg timestamp="20220317 12:05:05.837" level="INFO">Clicking element 'id=btnLogin'.</msg>
<status status="PASS" starttime="20220317 12:05:05.836" endtime="20220317 12:05:11.633"/>
</kw>
<kw name="Page Should Contain" library="SeleniumLibrary">
<arg>My Info</arg>
<doc>Verifies that current page contains ``text``.</doc>
<msg timestamp="20220317 12:05:11.644" level="INFO">Current page contains text 'My Info'.</msg>
<status status="PASS" starttime="20220317 12:05:11.633" endtime="20220317 12:05:11.644"/>
</kw>
<kw name="Close Browser" library="SeleniumLibrary" type="TEARDOWN">
<doc>Closes the current browser.</doc>
<status status="PASS" starttime="20220317 12:05:11.644" endtime="20220317 12:05:11.702"/>
</kw>
<status status="PASS" starttime="20220317 12:05:00.772" endtime="20220317 12:05:11.702"/>
</test>
<doc>This suite will handle all the test cases related
to valid credential test. Test case TC_OH_2</doc>
<status status="PASS" starttime="20220317 12:05:00.671" endtime="20220317 12:05:11.702"/>
</suite>
<statistics>
<total>
<stat pass="1" fail="0" skip="0">All Tests</stat>
</total>
<tag>
</tag>
<suite>
<stat pass="1" fail="0" skip="0" id="s1" name="Valid Verifycredential Suite">Valid Verifycredential Suite</stat>
</suite>
</statistics>
<errors>
</errors>
</robot>
