<?xml version="1.0" encoding="UTF-8"?>
<robot generator="Robot 4.1.3 (Python 3.8.10 on linux)" generated="20220317 15:46:17.151" rpa="false" schemaversion="2">
<suite id="s1" name="Verify Emergency Contact Suite" source="/home/indranee/Robot_Framework/my_info_suite/verify_emergency_contact_suite.robot">
<test id="s1-t1" name="TC1">
<kw name="Launch Browser" library="CommonFunctionality" type="SETUP">
<kw name="Open Browser" library="SeleniumLibrary">
<arg>browser=${BROWSER_NAME}</arg>
<arg>executable_path=${EXECDIR}${/}driver${/}chromedriver</arg>
<doc>Opens a new browser instance to the optional ``url``.</doc>
<msg timestamp="20220317 15:46:17.240" level="INFO">Opening browser 'chrome' to base url 'None'.</msg>
<status status="PASS" starttime="20220317 15:46:17.240" endtime="20220317 15:46:18.011"/>
</kw>
<kw name="Maximize Browser Window" library="SeleniumLibrary">
<doc>Maximizes current browser window.</doc>
<status status="PASS" starttime="20220317 15:46:18.011" endtime="20220317 15:46:18.134"/>
</kw>
<kw name="Set Selenium Implicit Wait" library="SeleniumLibrary">
<arg>30s</arg>
<doc>Sets the implicit wait value used by Selenium.</doc>
<status status="PASS" starttime="20220317 15:46:18.134" endtime="20220317 15:46:18.136"/>
</kw>
<kw name="Go To" library="SeleniumLibrary">
<arg>url=${URL}</arg>
<doc>Navigates the current browser window to the provided ``url``.</doc>
<msg timestamp="20220317 15:46:18.136" level="INFO">Opening url 'https://opensource-demo.orangehrmlive.com/'</msg>
<status status="PASS" starttime="20220317 15:46:18.136" endtime="20220317 15:46:22.837"/>
</kw>
<status status="PASS" starttime="20220317 15:46:17.240" endtime="20220317 15:46:22.838"/>
</kw>
<kw name="Verify Add Emergency Contact Test">
<arg>Admin</arg>
<arg>admin123</arg>
<arg>John</arg>
<arg>Brother</arg>
<arg>787878</arg>
<kw name="Launch Browser" library="CommonFunctionality">
<kw name="Open Browser" library="SeleniumLibrary">
<arg>browser=${BROWSER_NAME}</arg>
<arg>executable_path=${EXECDIR}${/}driver${/}chromedriver</arg>
<doc>Opens a new browser instance to the optional ``url``.</doc>
<msg timestamp="20220317 15:46:22.839" level="INFO">Opening browser 'chrome' to base url 'None'.</msg>
<status status="PASS" starttime="20220317 15:46:22.838" endtime="20220317 15:46:23.639"/>
</kw>
<kw name="Maximize Browser Window" library="SeleniumLibrary">
<doc>Maximizes current browser window.</doc>
<status status="PASS" starttime="20220317 15:46:23.639" endtime="20220317 15:46:23.745"/>
</kw>
<kw name="Set Selenium Implicit Wait" library="SeleniumLibrary">
<arg>30s</arg>
<doc>Sets the implicit wait value used by Selenium.</doc>
<status status="PASS" starttime="20220317 15:46:23.745" endtime="20220317 15:46:23.746"/>
</kw>
<kw name="Go To" library="SeleniumLibrary">
<arg>url=${URL}</arg>
<doc>Navigates the current browser window to the provided ``url``.</doc>
<msg timestamp="20220317 15:46:23.747" level="INFO">Opening url 'https://opensource-demo.orangehrmlive.com/'</msg>
<status status="PASS" starttime="20220317 15:46:23.746" endtime="20220317 15:46:28.021"/>
</kw>
<status status="PASS" starttime="20220317 15:46:22.838" endtime="20220317 15:46:28.021"/>
</kw>
<kw name="Input Text" library="SeleniumLibrary">
<arg>id=txtUsername</arg>
<arg>${username}</arg>
<doc>Types the given ``text`` into the text field identified by ``locator``.</doc>
<msg timestamp="20220317 15:46:28.021" level="INFO">Typing text 'Admin' into text field 'id=txtUsername'.</msg>
<status status="PASS" starttime="20220317 15:46:28.021" endtime="20220317 15:46:28.070"/>
</kw>
<kw name="Input Password" library="SeleniumLibrary">
<arg>id=txtPassword</arg>
<arg>${password}</arg>
<doc>Types the given password into the text field identified by ``locator``.</doc>
<msg timestamp="20220317 15:46:28.070" level="INFO">Typing password into text field 'id=txtPassword'.</msg>
<msg timestamp="20220317 15:46:28.095" level="INFO">Temporally setting log level to: NONE</msg>
<msg timestamp="20220317 15:46:28.118" level="INFO">Log level changed from NONE to INFO.</msg>
<status status="PASS" starttime="20220317 15:46:28.070" endtime="20220317 15:46:28.118"/>
</kw>
<kw name="Click Element" library="SeleniumLibrary">
<arg>id=btnLogin</arg>
<doc>Click the element identified by ``locator``.</doc>
<msg timestamp="20220317 15:46:28.119" level="INFO">Clicking element 'id=btnLogin'.</msg>
<status status="PASS" starttime="20220317 15:46:28.119" endtime="20220317 15:46:33.256"/>
</kw>
<kw name="Click Element" library="SeleniumLibrary">
<arg>id=menu_pim_viewMyDetails</arg>
<doc>Click the element identified by ``locator``.</doc>
<msg timestamp="20220317 15:46:33.257" level="INFO">Clicking element 'id=menu_pim_viewMyDetails'.</msg>
<status status="PASS" starttime="20220317 15:46:33.256" endtime="20220317 15:46:36.690"/>
</kw>
<kw name="Click Element" library="SeleniumLibrary">
<arg>partial link=Emergency Contacts</arg>
<doc>Click the element identified by ``locator``.</doc>
<msg timestamp="20220317 15:46:36.691" level="INFO">Clicking element 'partial link=Emergency Contacts'.</msg>
<status status="PASS" starttime="20220317 15:46:36.690" endtime="20220317 15:46:37.763"/>
</kw>
<kw name="Click Element" library="SeleniumLibrary">
<arg>id=btnAddContact</arg>
<doc>Click the element identified by ``locator``.</doc>
<msg timestamp="20220317 15:46:37.763" level="INFO">Clicking element 'id=btnAddContact'.</msg>
<status status="PASS" starttime="20220317 15:46:37.763" endtime="20220317 15:46:37.807"/>
</kw>
<kw name="Input Text" library="SeleniumLibrary">
<arg>name=emgcontacts[name]</arg>
<arg>${emgcontact}</arg>
<doc>Types the given ``text`` into the text field identified by ``locator``.</doc>
<msg timestamp="20220317 15:46:37.807" level="INFO">Typing text 'John' into text field 'name=emgcontacts[name]'.</msg>
<status status="PASS" starttime="20220317 15:46:37.807" endtime="20220317 15:46:37.862"/>
</kw>
<kw name="Input Text" library="SeleniumLibrary">
<arg>id=emgcontacts_relationship</arg>
<arg>${emgrelation}</arg>
<doc>Types the given ``text`` into the text field identified by ``locator``.</doc>
<msg timestamp="20220317 15:46:37.863" level="INFO">Typing text 'Brother' into text field 'id=emgcontacts_relationship'.</msg>
<status status="PASS" starttime="20220317 15:46:37.862" endtime="20220317 15:46:37.915"/>
</kw>
<kw name="Input Text" library="SeleniumLibrary">
<arg>id=emgcontacts_homePhone</arg>
<arg>${emgphone}</arg>
<doc>Types the given ``text`` into the text field identified by ``locator``.</doc>
<msg timestamp="20220317 15:46:37.916" level="INFO">Typing text '787878' into text field 'id=emgcontacts_homePhone'.</msg>
<status status="PASS" starttime="20220317 15:46:37.916" endtime="20220317 15:46:37.970"/>
</kw>
<kw name="Click Element" library="SeleniumLibrary">
<arg>id=btnSaveEContact</arg>
<doc>Click the element identified by ``locator``.</doc>
<msg timestamp="20220317 15:46:37.971" level="INFO">Clicking element 'id=btnSaveEContact'.</msg>
<status status="PASS" starttime="20220317 15:46:37.970" endtime="20220317 15:46:39.811"/>
</kw>
<kw name="Table Should Contain" library="SeleniumLibrary">
<arg>id=emgcontact_list</arg>
<arg>${emgcontact}</arg>
<doc>Verifies table contains text ``expected``.</doc>
<status status="PASS" starttime="20220317 15:46:39.811" endtime="20220317 15:46:40.058"/>
</kw>
<kw name="Table Should Contain" library="SeleniumLibrary">
<arg>id=emgcontact_list</arg>
<arg>${emgphone}</arg>
<doc>Verifies table contains text ``expected``.</doc>
<status status="PASS" starttime="20220317 15:46:40.058" endtime="20220317 15:46:40.236"/>
</kw>
<status status="PASS" starttime="20220317 15:46:22.838" endtime="20220317 15:46:40.236"/>
</kw>
<kw name="Close Browser" library="SeleniumLibrary" type="TEARDOWN">
<doc>Closes the current browser.</doc>
<status status="PASS" starttime="20220317 15:46:40.237" endtime="20220317 15:46:40.296"/>
</kw>
<status status="PASS" starttime="20220317 15:46:17.239" endtime="20220317 15:46:40.297"/>
</test>
<test id="s1-t2" name="TC2">
<kw name="Launch Browser" library="CommonFunctionality" type="SETUP">
<kw name="Open Browser" library="SeleniumLibrary">
<arg>browser=${BROWSER_NAME}</arg>
<arg>executable_path=${EXECDIR}${/}driver${/}chromedriver</arg>
<doc>Opens a new browser instance to the optional ``url``.</doc>
<msg timestamp="20220317 15:46:40.299" level="INFO">Opening browser 'chrome' to base url 'None'.</msg>
<status status="PASS" starttime="20220317 15:46:40.298" endtime="20220317 15:46:41.046"/>
</kw>
<kw name="Maximize Browser Window" library="SeleniumLibrary">
<doc>Maximizes current browser window.</doc>
<status status="PASS" starttime="20220317 15:46:41.046" endtime="20220317 15:46:41.151"/>
</kw>
<kw name="Set Selenium Implicit Wait" library="SeleniumLibrary">
<arg>30s</arg>
<doc>Sets the implicit wait value used by Selenium.</doc>
<status status="PASS" starttime="20220317 15:46:41.152" endtime="20220317 15:46:41.155"/>
</kw>
<kw name="Go To" library="SeleniumLibrary">
<arg>url=${URL}</arg>
<doc>Navigates the current browser window to the provided ``url``.</doc>
<msg timestamp="20220317 15:46:41.156" level="INFO">Opening url 'https://opensource-demo.orangehrmlive.com/'</msg>
<status status="PASS" starttime="20220317 15:46:41.155" endtime="20220317 15:46:45.386"/>
</kw>
<status status="PASS" starttime="20220317 15:46:40.298" endtime="20220317 15:46:45.387"/>
</kw>
<kw name="Verify Add Emergency Contact Test">
<arg>Admin</arg>
<arg>admin123</arg>
<arg>Sandy</arg>
<arg>Sister</arg>
<arg>787878</arg>
<kw name="Launch Browser" library="CommonFunctionality">
<kw name="Open Browser" library="SeleniumLibrary">
<arg>browser=${BROWSER_NAME}</arg>
<arg>executable_path=${EXECDIR}${/}driver${/}chromedriver</arg>
<doc>Opens a new browser instance to the optional ``url``.</doc>
<msg timestamp="20220317 15:46:45.388" level="INFO">Opening browser 'chrome' to base url 'None'.</msg>
<status status="PASS" starttime="20220317 15:46:45.387" endtime="20220317 15:46:46.145"/>
</kw>
<kw name="Maximize Browser Window" library="SeleniumLibrary">
<doc>Maximizes current browser window.</doc>
<status status="PASS" starttime="20220317 15:46:46.146" endtime="20220317 15:46:46.270"/>
</kw>
<kw name="Set Selenium Implicit Wait" library="SeleniumLibrary">
<arg>30s</arg>
<doc>Sets the implicit wait value used by Selenium.</doc>
<status status="PASS" starttime="20220317 15:46:46.270" endtime="20220317 15:46:46.273"/>
</kw>
<kw name="Go To" library="SeleniumLibrary">
<arg>url=${URL}</arg>
<doc>Navigates the current browser window to the provided ``url``.</doc>
<msg timestamp="20220317 15:46:46.273" level="INFO">Opening url 'https://opensource-demo.orangehrmlive.com/'</msg>
<status status="PASS" starttime="20220317 15:46:46.273" endtime="20220317 15:46:50.610"/>
</kw>
<status status="PASS" starttime="20220317 15:46:45.387" endtime="20220317 15:46:50.610"/>
</kw>
<kw name="Input Text" library="SeleniumLibrary">
<arg>id=txtUsername</arg>
<arg>${username}</arg>
<doc>Types the given ``text`` into the text field identified by ``locator``.</doc>
<msg timestamp="20220317 15:46:50.610" level="INFO">Typing text 'Admin' into text field 'id=txtUsername'.</msg>
<status status="PASS" starttime="20220317 15:46:50.610" endtime="20220317 15:46:50.661"/>
</kw>
<kw name="Input Password" library="SeleniumLibrary">
<arg>id=txtPassword</arg>
<arg>${password}</arg>
<doc>Types the given password into the text field identified by ``locator``.</doc>
<msg timestamp="20220317 15:46:50.661" level="INFO">Typing password into text field 'id=txtPassword'.</msg>
<msg timestamp="20220317 15:46:50.686" level="INFO">Temporally setting log level to: NONE</msg>
<msg timestamp="20220317 15:46:50.709" level="INFO">Log level changed from NONE to INFO.</msg>
<status status="PASS" starttime="20220317 15:46:50.661" endtime="20220317 15:46:50.709"/>
</kw>
<kw name="Click Element" library="SeleniumLibrary">
<arg>id=btnLogin</arg>
<doc>Click the element identified by ``locator``.</doc>
<msg timestamp="20220317 15:46:50.709" level="INFO">Clicking element 'id=btnLogin'.</msg>
<status status="PASS" starttime="20220317 15:46:50.709" endtime="20220317 15:46:54.594"/>
</kw>
<kw name="Click Element" library="SeleniumLibrary">
<arg>id=menu_pim_viewMyDetails</arg>
<doc>Click the element identified by ``locator``.</doc>
<msg timestamp="20220317 15:46:54.594" level="INFO">Clicking element 'id=menu_pim_viewMyDetails'.</msg>
<status status="PASS" starttime="20220317 15:46:54.594" endtime="20220317 15:46:58.902"/>
</kw>
<kw name="Click Element" library="SeleniumLibrary">
<arg>partial link=Emergency Contacts</arg>
<doc>Click the element identified by ``locator``.</doc>
<msg timestamp="20220317 15:46:58.903" level="INFO">Clicking element 'partial link=Emergency Contacts'.</msg>
<status status="PASS" starttime="20220317 15:46:58.902" endtime="20220317 15:46:59.931"/>
</kw>
<kw name="Click Element" library="SeleniumLibrary">
<arg>id=btnAddContact</arg>
<doc>Click the element identified by ``locator``.</doc>
<msg timestamp="20220317 15:46:59.932" level="INFO">Clicking element 'id=btnAddContact'.</msg>
<status status="PASS" starttime="20220317 15:46:59.931" endtime="20220317 15:46:59.972"/>
</kw>
<kw name="Input Text" library="SeleniumLibrary">
<arg>name=emgcontacts[name]</arg>
<arg>${emgcontact}</arg>
<doc>Types the given ``text`` into the text field identified by ``locator``.</doc>
<msg timestamp="20220317 15:46:59.973" level="INFO">Typing text 'Sandy' into text field 'name=emgcontacts[name]'.</msg>
<status status="PASS" starttime="20220317 15:46:59.972" endtime="20220317 15:47:00.027"/>
</kw>
<kw name="Input Text" library="SeleniumLibrary">
<arg>id=emgcontacts_relationship</arg>
<arg>${emgrelation}</arg>
<doc>Types the given ``text`` into the text field identified by ``locator``.</doc>
<msg timestamp="20220317 15:47:00.027" level="INFO">Typing text 'Sister' into text field 'id=emgcontacts_relationship'.</msg>
<status status="PASS" starttime="20220317 15:47:00.027" endtime="20220317 15:47:00.080"/>
</kw>
<kw name="Input Text" library="SeleniumLibrary">
<arg>id=emgcontacts_homePhone</arg>
<arg>${emgphone}</arg>
<doc>Types the given ``text`` into the text field identified by ``locator``.</doc>
<msg timestamp="20220317 15:47:00.080" level="INFO">Typing text '787878' into text field 'id=emgcontacts_homePhone'.</msg>
<status status="PASS" starttime="20220317 15:47:00.080" endtime="20220317 15:47:00.139"/>
</kw>
<kw name="Click Element" library="SeleniumLibrary">
<arg>id=btnSaveEContact</arg>
<doc>Click the element identified by ``locator``.</doc>
<msg timestamp="20220317 15:47:00.139" level="INFO">Clicking element 'id=btnSaveEContact'.</msg>
<status status="PASS" starttime="20220317 15:47:00.139" endtime="20220317 15:47:02.015"/>
</kw>
<kw name="Table Should Contain" library="SeleniumLibrary">
<arg>id=emgcontact_list</arg>
<arg>${emgcontact}</arg>
<doc>Verifies table contains text ``expected``.</doc>
<status status="PASS" starttime="20220317 15:47:02.015" endtime="20220317 15:47:02.268"/>
</kw>
<kw name="Table Should Contain" library="SeleniumLibrary">
<arg>id=emgcontact_list</arg>
<arg>${emgphone}</arg>
<doc>Verifies table contains text ``expected``.</doc>
<status status="PASS" starttime="20220317 15:47:02.268" endtime="20220317 15:47:02.454"/>
</kw>
<status status="PASS" starttime="20220317 15:46:45.387" endtime="20220317 15:47:02.454"/>
</kw>
<kw name="Close Browser" library="SeleniumLibrary" type="TEARDOWN">
<doc>Closes the current browser.</doc>
<status status="PASS" starttime="20220317 15:47:02.454" endtime="20220317 15:47:02.515"/>
</kw>
<status status="PASS" starttime="20220317 15:46:40.297" endtime="20220317 15:47:02.515"/>
</test>
<doc>This suite handles test cases related to emegency contact</doc>
<status status="PASS" starttime="20220317 15:46:17.152" endtime="20220317 15:47:02.516"/>
</suite>
<statistics>
<total>
<stat pass="2" fail="0" skip="0">All Tests</stat>
</total>
<tag>
</tag>
<suite>
<stat pass="2" fail="0" skip="0" id="s1" name="Verify Emergency Contact Suite">Verify Emergency Contact Suite</stat>
</suite>
</statistics>
<errors>
</errors>
</robot>
