<?xml version="1.0" encoding="UTF-8"?>
<robot generator="Robot 4.1.3 (Python 3.8.10 on linux)" generated="20220317 13:58:35.122" rpa="false" schemaversion="2">
<suite id="s1" name="Verify Invalidcredential Suite" source="/home/indranee/Robot_Framework/login_suite/verify_invalidcredential_suite.robot">
<test id="s1-t1" name="Verify invalid credential test">
<kw name="Launch Browser" library="CommonFunctionality" type="SETUP">
<kw name="Open Browser" library="SeleniumLibrary">
<arg>browser=${BROWSER_NAME}</arg>
<arg>executable_path=${EXECDIR}${/}driver${/}chromedriver</arg>
<doc>Opens a new browser instance to the optional ``url``.</doc>
<msg timestamp="20220317 13:58:35.218" level="INFO">Opening browser 'chrome' to base url 'None'.</msg>
<status status="PASS" starttime="20220317 13:58:35.218" endtime="20220317 13:58:35.992"/>
</kw>
<kw name="Maximize Browser Window" library="SeleniumLibrary">
<doc>Maximizes current browser window.</doc>
<status status="PASS" starttime="20220317 13:58:35.992" endtime="20220317 13:58:36.099"/>
</kw>
<kw name="Set Selenium Implicit Wait" library="SeleniumLibrary">
<arg>30s</arg>
<doc>Sets the implicit wait value used by Selenium.</doc>
<status status="PASS" starttime="20220317 13:58:36.100" endtime="20220317 13:58:36.102"/>
</kw>
<kw name="Go To" library="SeleniumLibrary">
<arg>url=${URL}</arg>
<doc>Navigates the current browser window to the provided ``url``.</doc>
<msg timestamp="20220317 13:58:36.103" level="INFO">Opening url 'https://opensource-demo.orangehrmlive.com/'</msg>
<status status="PASS" starttime="20220317 13:58:36.102" endtime="20220317 13:58:40.404"/>
</kw>
<status status="PASS" starttime="20220317 13:58:35.217" endtime="20220317 13:58:40.405"/>
</kw>
<kw name="Input Text" library="SeleniumLibrary">
<arg>id=txtUsername</arg>
<arg>Ind123</arg>
<doc>Types the given ``text`` into the text field identified by ``locator``.</doc>
<msg timestamp="20220317 13:58:40.405" level="INFO">Typing text 'Ind123' into text field 'id=txtUsername'.</msg>
<status status="PASS" starttime="20220317 13:58:40.405" endtime="20220317 13:58:40.460"/>
</kw>
<kw name="Input Password" library="SeleniumLibrary">
<arg>id=txtPassword</arg>
<arg>apass123</arg>
<doc>Types the given password into the text field identified by ``locator``.</doc>
<msg timestamp="20220317 13:58:40.460" level="INFO">Typing password into text field 'id=txtPassword'.</msg>
<msg timestamp="20220317 13:58:40.488" level="INFO">Temporally setting log level to: NONE</msg>
<msg timestamp="20220317 13:58:40.515" level="INFO">Log level changed from NONE to INFO.</msg>
<status status="PASS" starttime="20220317 13:58:40.460" endtime="20220317 13:58:40.515"/>
</kw>
<kw name="Click Element" library="SeleniumLibrary">
<arg>id=btnLogin</arg>
<doc>Click the element identified by ``locator``.</doc>
<msg timestamp="20220317 13:58:40.515" level="INFO">Clicking element 'id=btnLogin'.</msg>
<status status="PASS" starttime="20220317 13:58:40.515" endtime="20220317 13:58:41.880"/>
</kw>
<kw name="Element Text Should Be" library="SeleniumLibrary">
<arg>id=spanMessage</arg>
<arg>Invalid credentials</arg>
<doc>Verifies that element ``locator`` contains exact the text ``expected``.</doc>
<msg timestamp="20220317 13:58:41.880" level="INFO">Verifying element 'id=spanMessage' contains exact text 'Invalid credentials'.</msg>
<status status="PASS" starttime="20220317 13:58:41.880" endtime="20220317 13:58:41.898"/>
</kw>
<kw name="Close Browser" library="SeleniumLibrary" type="TEARDOWN">
<doc>Closes the current browser.</doc>
<status status="PASS" starttime="20220317 13:58:41.898" endtime="20220317 13:58:41.954"/>
</kw>
<status status="PASS" starttime="20220317 13:58:35.217" endtime="20220317 13:58:41.954"/>
</test>
<doc>This suite will handle all the test cases related
to valid credential test. Test case TC_OH_3</doc>
<status status="PASS" starttime="20220317 13:58:35.123" endtime="20220317 13:58:41.955"/>
</suite>
<statistics>
<total>
<stat pass="1" fail="0" skip="0">All Tests</stat>
</total>
<tag>
</tag>
<suite>
<stat pass="1" fail="0" skip="0" id="s1" name="Verify Invalidcredential Suite">Verify Invalidcredential Suite</stat>
</suite>
</statistics>
<errors>
</errors>
</robot>
