<?xml version="1.0" encoding="UTF-8"?>
<robot generator="Robot 4.1.3 (Python 3.8.10 on linux)" generated="20220317 14:22:37.011" rpa="false" schemaversion="2">
<suite id="s1" name="Verify Invalidcredential Suite" source="/home/indranee/Robot_Framework/login_suite/verify_invalidcredential_suite.robot">
<test id="s1-t1" name="TC1">
<kw name="Launch Browser" library="CommonFunctionality" type="SETUP">
<kw name="Open Browser" library="SeleniumLibrary">
<arg>browser=${BROWSER_NAME}</arg>
<arg>executable_path=${EXECDIR}${/}driver${/}chromedriver</arg>
<doc>Opens a new browser instance to the optional ``url``.</doc>
<msg timestamp="20220317 14:22:37.103" level="INFO">Opening browser 'chrome' to base url 'None'.</msg>
<status status="PASS" starttime="20220317 14:22:37.103" endtime="20220317 14:22:37.873"/>
</kw>
<kw name="Maximize Browser Window" library="SeleniumLibrary">
<doc>Maximizes current browser window.</doc>
<status status="PASS" starttime="20220317 14:22:37.873" endtime="20220317 14:22:38.007"/>
</kw>
<kw name="Set Selenium Implicit Wait" library="SeleniumLibrary">
<arg>30s</arg>
<doc>Sets the implicit wait value used by Selenium.</doc>
<status status="PASS" starttime="20220317 14:22:38.007" endtime="20220317 14:22:38.009"/>
</kw>
<kw name="Go To" library="SeleniumLibrary">
<arg>url=${URL}</arg>
<doc>Navigates the current browser window to the provided ``url``.</doc>
<msg timestamp="20220317 14:22:38.010" level="INFO">Opening url 'https://opensource-demo.orangehrmlive.com/'</msg>
<status status="PASS" starttime="20220317 14:22:38.009" endtime="20220317 14:22:43.806"/>
</kw>
<status status="PASS" starttime="20220317 14:22:37.103" endtime="20220317 14:22:43.806"/>
</kw>
<kw name="Verify invalid credential test">
<arg>John</arg>
<arg>john123</arg>
<arg>Invalid credentials</arg>
<kw name="Input Text" library="SeleniumLibrary">
<arg>id=txtUsername</arg>
<arg>Ind123</arg>
<arg>${username}</arg>
<doc>Types the given ``text`` into the text field identified by ``locator``.</doc>
<msg timestamp="20220317 14:22:43.807" level="INFO">Typing text 'Ind123' into text field 'id=txtUsername'.</msg>
<status status="PASS" starttime="20220317 14:22:43.807" endtime="20220317 14:22:43.863"/>
</kw>
<kw name="Input Password" library="SeleniumLibrary">
<arg>id=txtPassword</arg>
<arg>apass123</arg>
<arg>${password}</arg>
<doc>Types the given password into the text field identified by ``locator``.</doc>
<msg timestamp="20220317 14:22:43.864" level="INFO">Typing password into text field 'id=txtPassword'.</msg>
<msg timestamp="20220317 14:22:43.890" level="INFO">Temporally setting log level to: NONE</msg>
<msg timestamp="20220317 14:22:43.914" level="INFO">Log level changed from NONE to INFO.</msg>
<status status="PASS" starttime="20220317 14:22:43.863" endtime="20220317 14:22:43.914"/>
</kw>
<kw name="Click Element" library="SeleniumLibrary">
<arg>id=btnLogin</arg>
<doc>Click the element identified by ``locator``.</doc>
<msg timestamp="20220317 14:22:43.915" level="INFO">Clicking element 'id=btnLogin'.</msg>
<status status="PASS" starttime="20220317 14:22:43.914" endtime="20220317 14:22:45.358"/>
</kw>
<kw name="Element Text Should Be" library="SeleniumLibrary">
<arg>id=spanMessage</arg>
<arg>Invalid credentials</arg>
<arg>${error}</arg>
<doc>Verifies that element ``locator`` contains exact the text ``expected``.</doc>
<msg timestamp="20220317 14:22:45.358" level="INFO">Verifying element 'id=spanMessage' contains exact text 'Invalid credentials'.</msg>
<status status="PASS" starttime="20220317 14:22:45.358" endtime="20220317 14:22:45.374"/>
</kw>
<status status="PASS" starttime="20220317 14:22:43.806" endtime="20220317 14:22:45.374"/>
</kw>
<kw name="Close Browser" library="SeleniumLibrary" type="TEARDOWN">
<doc>Closes the current browser.</doc>
<status status="PASS" starttime="20220317 14:22:45.374" endtime="20220317 14:22:45.430"/>
</kw>
<status status="PASS" starttime="20220317 14:22:37.102" endtime="20220317 14:22:45.430"/>
</test>
<test id="s1-t2" name="TC2">
<kw name="Launch Browser" library="CommonFunctionality" type="SETUP">
<kw name="Open Browser" library="SeleniumLibrary">
<arg>browser=${BROWSER_NAME}</arg>
<arg>executable_path=${EXECDIR}${/}driver${/}chromedriver</arg>
<doc>Opens a new browser instance to the optional ``url``.</doc>
<msg timestamp="20220317 14:22:45.432" level="INFO">Opening browser 'chrome' to base url 'None'.</msg>
<status status="PASS" starttime="20220317 14:22:45.431" endtime="20220317 14:22:46.215"/>
</kw>
<kw name="Maximize Browser Window" library="SeleniumLibrary">
<doc>Maximizes current browser window.</doc>
<status status="PASS" starttime="20220317 14:22:46.215" endtime="20220317 14:22:46.358"/>
</kw>
<kw name="Set Selenium Implicit Wait" library="SeleniumLibrary">
<arg>30s</arg>
<doc>Sets the implicit wait value used by Selenium.</doc>
<status status="PASS" starttime="20220317 14:22:46.358" endtime="20220317 14:22:46.360"/>
</kw>
<kw name="Go To" library="SeleniumLibrary">
<arg>url=${URL}</arg>
<doc>Navigates the current browser window to the provided ``url``.</doc>
<msg timestamp="20220317 14:22:46.361" level="INFO">Opening url 'https://opensource-demo.orangehrmlive.com/'</msg>
<status status="PASS" starttime="20220317 14:22:46.360" endtime="20220317 14:22:51.809"/>
</kw>
<status status="PASS" starttime="20220317 14:22:45.431" endtime="20220317 14:22:51.809"/>
</kw>
<kw name="Verify invalid credential test">
<arg>Peter</arg>
<arg>peter123</arg>
<arg>Invalid credentials</arg>
<kw name="Input Text" library="SeleniumLibrary">
<arg>id=txtUsername</arg>
<arg>Ind123</arg>
<arg>${username}</arg>
<doc>Types the given ``text`` into the text field identified by ``locator``.</doc>
<msg timestamp="20220317 14:22:51.810" level="INFO">Typing text 'Ind123' into text field 'id=txtUsername'.</msg>
<status status="PASS" starttime="20220317 14:22:51.810" endtime="20220317 14:22:51.862"/>
</kw>
<kw name="Input Password" library="SeleniumLibrary">
<arg>id=txtPassword</arg>
<arg>apass123</arg>
<arg>${password}</arg>
<doc>Types the given password into the text field identified by ``locator``.</doc>
<msg timestamp="20220317 14:22:51.862" level="INFO">Typing password into text field 'id=txtPassword'.</msg>
<msg timestamp="20220317 14:22:51.887" level="INFO">Temporally setting log level to: NONE</msg>
<msg timestamp="20220317 14:22:51.909" level="INFO">Log level changed from NONE to INFO.</msg>
<status status="PASS" starttime="20220317 14:22:51.862" endtime="20220317 14:22:51.909"/>
</kw>
<kw name="Click Element" library="SeleniumLibrary">
<arg>id=btnLogin</arg>
<doc>Click the element identified by ``locator``.</doc>
<msg timestamp="20220317 14:22:51.910" level="INFO">Clicking element 'id=btnLogin'.</msg>
<status status="PASS" starttime="20220317 14:22:51.909" endtime="20220317 14:22:53.170"/>
</kw>
<kw name="Element Text Should Be" library="SeleniumLibrary">
<arg>id=spanMessage</arg>
<arg>Invalid credentials</arg>
<arg>${error}</arg>
<doc>Verifies that element ``locator`` contains exact the text ``expected``.</doc>
<msg timestamp="20220317 14:22:53.170" level="INFO">Verifying element 'id=spanMessage' contains exact text 'Invalid credentials'.</msg>
<status status="PASS" starttime="20220317 14:22:53.170" endtime="20220317 14:22:53.190"/>
</kw>
<status status="PASS" starttime="20220317 14:22:51.809" endtime="20220317 14:22:53.190"/>
</kw>
<kw name="Close Browser" library="SeleniumLibrary" type="TEARDOWN">
<doc>Closes the current browser.</doc>
<status status="PASS" starttime="20220317 14:22:53.191" endtime="20220317 14:22:53.247"/>
</kw>
<status status="PASS" starttime="20220317 14:22:45.431" endtime="20220317 14:22:53.247"/>
</test>
<doc>This suite will handle all the test cases related
to valid credential test. Test case TC_OH_3</doc>
<status status="PASS" starttime="20220317 14:22:37.012" endtime="20220317 14:22:53.248"/>
</suite>
<statistics>
<total>
<stat pass="2" fail="0" skip="0">All Tests</stat>
</total>
<tag>
</tag>
<suite>
<stat pass="2" fail="0" skip="0" id="s1" name="Verify Invalidcredential Suite">Verify Invalidcredential Suite</stat>
</suite>
</statistics>
<errors>
</errors>
</robot>
