<?xml version="1.0" encoding="UTF-8"?>
<robot generator="Robot 4.1.3 (Python 3.8.10 on linux)" generated="20220319 12:57:07.279" rpa="false" schemaversion="2">
<suite id="s1" name="Verfiy Validcredential Suite" source="/home/indranee/Robot_Framework/login_suite/verfiy_validcredential_suite.robot">
<test id="s1-t1" name="Verify valid credential test">
<kw name="Launch Browser" library="CommonFunctionality">
<if>
<branch type="IF" condition="'${BROWSER_NAME}'=='edge'">
<kw name="Set Local Variable" library="BuiltIn">
<arg>${driver_name}</arg>
<arg>msedgedriver</arg>
<doc>Makes a variable available everywhere within the local scope.</doc>
<status status="NOT RUN" starttime="20220319 12:57:07.377" endtime="20220319 12:57:07.377"/>
</kw>
<status status="NOT RUN" starttime="20220319 12:57:07.377" endtime="20220319 12:57:07.377"/>
</branch>
<branch type="ELSE IF" condition="'${BROWSER_NAME}'== 'ff'">
<kw name="Set Local Variable" library="BuiltIn">
<arg>${driver_name}</arg>
<arg>geckodriver</arg>
<doc>Makes a variable available everywhere within the local scope.</doc>
<status status="NOT RUN" starttime="20220319 12:57:07.377" endtime="20220319 12:57:07.377"/>
</kw>
<status status="NOT RUN" starttime="20220319 12:57:07.377" endtime="20220319 12:57:07.377"/>
</branch>
<branch type="ELSE">
<kw name="Set Local Variable" library="BuiltIn">
<arg>${driver_name}</arg>
<arg>chromedriver</arg>
<doc>Makes a variable available everywhere within the local scope.</doc>
<msg timestamp="20220319 12:57:07.378" level="INFO">${driver_name} = chromedriver</msg>
<status status="PASS" starttime="20220319 12:57:07.377" endtime="20220319 12:57:07.378"/>
</kw>
<status status="PASS" starttime="20220319 12:57:07.377" endtime="20220319 12:57:07.378"/>
</branch>
<status status="PASS" starttime="20220319 12:57:07.377" endtime="20220319 12:57:07.378"/>
</if>
<kw name="Open Browser" library="SeleniumLibrary">
<arg>browser=${BROWSER_NAME}</arg>
<arg>executable_path=${EXECDIR}${/}driver${/}${driver_name}</arg>
<doc>Opens a new browser instance to the optional ``url``.</doc>
<msg timestamp="20220319 12:57:07.379" level="INFO">Opening browser 'chrome' to base url 'None'.</msg>
<status status="PASS" starttime="20220319 12:57:07.378" endtime="20220319 12:57:08.133"/>
</kw>
<kw name="Maximize Browser Window" library="SeleniumLibrary">
<doc>Maximizes current browser window.</doc>
<status status="PASS" starttime="20220319 12:57:08.134" endtime="20220319 12:57:08.237"/>
</kw>
<kw name="Set Selenium Implicit Wait" library="SeleniumLibrary">
<arg>30s</arg>
<doc>Sets the implicit wait value used by Selenium.</doc>
<status status="PASS" starttime="20220319 12:57:08.237" endtime="20220319 12:57:08.239"/>
</kw>
<kw name="Set Screenshot Directory" library="SeleniumLibrary">
<arg>${EXECDIR}${/}screenshot</arg>
<doc>Sets the directory for captured screenshots.</doc>
<status status="PASS" starttime="20220319 12:57:08.239" endtime="20220319 12:57:08.240"/>
</kw>
<kw name="Go To" library="SeleniumLibrary">
<arg>url=${URL}</arg>
<doc>Navigates the current browser window to the provided ``url``.</doc>
<msg timestamp="20220319 12:57:08.240" level="INFO">Opening url 'https://opensource-demo.orangehrmlive.com/'</msg>
<status status="PASS" starttime="20220319 12:57:08.240" endtime="20220319 12:57:12.497"/>
</kw>
<status status="PASS" starttime="20220319 12:57:07.376" endtime="20220319 12:57:12.497"/>
</kw>
<kw name="Enter Username" library="LoginPage">
<arg>Admin</arg>
<kw name="Input Text" library="SeleniumLibrary">
<arg>${USERNAME_LOCATOR}</arg>
<arg>${username}</arg>
<doc>Types the given ``text`` into the text field identified by ``locator``.</doc>
<msg timestamp="20220319 12:57:12.498" level="INFO">Typing text 'Admin' into text field 'id=txtUsername'.</msg>
<status status="PASS" starttime="20220319 12:57:12.497" endtime="20220319 12:57:12.556"/>
</kw>
<status status="PASS" starttime="20220319 12:57:12.497" endtime="20220319 12:57:12.556"/>
</kw>
<kw name="Enter Password" library="LoginPage">
<arg>admin123</arg>
<kw name="Input Text" library="SeleniumLibrary">
<arg>${PASSWORD_LOCATOR}</arg>
<arg>${password}</arg>
<doc>Types the given ``text`` into the text field identified by ``locator``.</doc>
<msg timestamp="20220319 12:57:12.556" level="INFO">Typing text 'admin123' into text field 'id=txtPassword'.</msg>
<status status="PASS" starttime="20220319 12:57:12.556" endtime="20220319 12:57:12.605"/>
</kw>
<status status="PASS" starttime="20220319 12:57:12.556" endtime="20220319 12:57:12.605"/>
</kw>
<kw name="Click Element" library="SeleniumLibrary">
<arg>id=btnLogin</arg>
<doc>Click the element identified by ``locator``.</doc>
<msg timestamp="20220319 12:57:12.605" level="INFO">Clicking element 'id=btnLogin'.</msg>
<status status="PASS" starttime="20220319 12:57:12.605" endtime="20220319 12:57:17.869"/>
</kw>
<kw name="Page Should Contain" library="SeleniumLibrary">
<arg>My Info</arg>
<doc>Verifies that current page contains ``text``.</doc>
<msg timestamp="20220319 12:57:17.882" level="INFO">Current page contains text 'My Info'.</msg>
<status status="PASS" starttime="20220319 12:57:17.870" endtime="20220319 12:57:17.882"/>
</kw>
<kw name="Close Browser" library="SeleniumLibrary" type="TEARDOWN">
<doc>Closes the current browser.</doc>
<status status="PASS" starttime="20220319 12:57:17.883" endtime="20220319 12:57:17.940"/>
</kw>
<status status="PASS" starttime="20220319 12:57:07.376" endtime="20220319 12:57:17.941"/>
</test>
<doc>This suite will handle all the test cases related
to valid credential test. Test case TC_OH_2</doc>
<status status="PASS" starttime="20220319 12:57:07.279" endtime="20220319 12:57:17.942"/>
</suite>
<statistics>
<total>
<stat pass="1" fail="0" skip="0">All Tests</stat>
</total>
<tag>
</tag>
<suite>
<stat pass="1" fail="0" skip="0" id="s1" name="Verfiy Validcredential Suite">Verfiy Validcredential Suite</stat>
</suite>
</statistics>
<errors>
</errors>
</robot>
