<?xml version="1.0" encoding="UTF-8"?>
<robot generator="Robot 4.1.3 (Python 3.8.10 on linux)" generated="20220317 10:54:14.156" rpa="false" schemaversion="2">
<suite id="s1" name="Valid Verifycredential Suite" source="/home/indranee/Robot_Framework/login_suite/valid_verifycredential_suite.robot">
<test id="s1-t1" name="Verify valid credential test">
<kw name="Open Browser" library="SeleniumLibrary">
<arg>browser=chrome</arg>
<arg>executable_path=${EXECDIR}${/}driver${/}chromedriver</arg>
<doc>Opens a new browser instance to the optional ``url``.</doc>
<msg timestamp="20220317 10:54:14.242" level="INFO">Opening browser 'chrome' to base url 'None'.</msg>
<status status="PASS" starttime="20220317 10:54:14.242" endtime="20220317 10:54:15.004"/>
</kw>
<kw name="Maximize Browser Window" library="SeleniumLibrary">
<doc>Maximizes current browser window.</doc>
<status status="PASS" starttime="20220317 10:54:15.004" endtime="20220317 10:54:15.137"/>
</kw>
<kw name="Set Selenium Implicit Wait" library="SeleniumLibrary">
<arg>30s</arg>
<doc>Sets the implicit wait value used by Selenium.</doc>
<status status="PASS" starttime="20220317 10:54:15.138" endtime="20220317 10:54:15.140"/>
</kw>
<kw name="Go To" library="SeleniumLibrary">
<arg>url=https://opensource-demo.orangehrmlive.com/</arg>
<doc>Navigates the current browser window to the provided ``url``.</doc>
<msg timestamp="20220317 10:54:15.141" level="INFO">Opening url 'https://opensource-demo.orangehrmlive.com/'</msg>
<status status="PASS" starttime="20220317 10:54:15.140" endtime="20220317 10:54:19.025"/>
</kw>
<kw name="Input Text" library="SeleniumLibrary">
<arg>id=txtUsername</arg>
<arg>Admin</arg>
<doc>Types the given ``text`` into the text field identified by ``locator``.</doc>
<msg timestamp="20220317 10:54:19.026" level="INFO">Typing text 'Admin' into text field 'id=txtUsername'.</msg>
<status status="PASS" starttime="20220317 10:54:19.026" endtime="20220317 10:54:19.079"/>
</kw>
<kw name="Input Password" library="SeleniumLibrary">
<arg>id=txtPassword</arg>
<arg>admin123</arg>
<doc>Types the given password into the text field identified by ``locator``.</doc>
<msg timestamp="20220317 10:54:19.079" level="INFO">Typing password into text field 'id=txtPassword'.</msg>
<msg timestamp="20220317 10:54:19.105" level="INFO">Temporally setting log level to: NONE</msg>
<msg timestamp="20220317 10:54:19.126" level="INFO">Log level changed from NONE to INFO.</msg>
<status status="PASS" starttime="20220317 10:54:19.079" endtime="20220317 10:54:19.126"/>
</kw>
<kw name="Click Element" library="SeleniumLibrary">
<arg>id=btnLogin</arg>
<doc>Click the element identified by ``locator``.</doc>
<msg timestamp="20220317 10:54:19.127" level="INFO">Clicking element 'id=btnLogin'.</msg>
<status status="PASS" starttime="20220317 10:54:19.127" endtime="20220317 10:54:24.244"/>
</kw>
<kw name="Page Should Contain" library="SeleniumLibrary">
<arg>My Info</arg>
<doc>Verifies that current page contains ``text``.</doc>
<msg timestamp="20220317 10:54:24.257" level="INFO">Current page contains text 'My Info'.</msg>
<status status="PASS" starttime="20220317 10:54:24.245" endtime="20220317 10:54:24.257"/>
</kw>
<kw name="Close Browser" library="SeleniumLibrary" type="TEARDOWN">
<doc>Closes the current browser.</doc>
<status status="PASS" starttime="20220317 10:54:24.257" endtime="20220317 10:54:24.313"/>
</kw>
<status status="PASS" starttime="20220317 10:54:14.242" endtime="20220317 10:54:24.313"/>
</test>
<doc>This suite will handle all the test cases related
to valid credential test. Test case TC_OH_2</doc>
<status status="PASS" starttime="20220317 10:54:14.156" endtime="20220317 10:54:24.314"/>
</suite>
<statistics>
<total>
<stat pass="1" fail="0" skip="0">All Tests</stat>
</total>
<tag>
</tag>
<suite>
<stat pass="1" fail="0" skip="0" id="s1" name="Valid Verifycredential Suite">Valid Verifycredential Suite</stat>
</suite>
</statistics>
<errors>
</errors>
</robot>
