<?xml version="1.0" encoding="UTF-8"?>
<robot generator="Robot 4.1.3 (Python 3.8.10 on linux)" generated="20220319 13:07:54.432" rpa="false" schemaversion="2">
<suite id="s1" name="Verfiy Validcredential Suite" source="/home/indranee/Robot_Framework/login_suite/verfiy_validcredential_suite.robot">
<test id="s1-t1" name="Verify valid credential test">
<kw name="Launch Browser" library="CommonFunctionality">
<if>
<branch type="IF" condition="'${BROWSER_NAME}'=='edge'">
<kw name="Set Local Variable" library="BuiltIn">
<arg>${driver_name}</arg>
<arg>msedgedriver</arg>
<doc>Makes a variable available everywhere within the local scope.</doc>
<status status="NOT RUN" starttime="20220319 13:07:54.528" endtime="20220319 13:07:54.528"/>
</kw>
<status status="NOT RUN" starttime="20220319 13:07:54.528" endtime="20220319 13:07:54.528"/>
</branch>
<branch type="ELSE IF" condition="'${BROWSER_NAME}'== 'ff'">
<kw name="Set Local Variable" library="BuiltIn">
<arg>${driver_name}</arg>
<arg>geckodriver</arg>
<doc>Makes a variable available everywhere within the local scope.</doc>
<status status="NOT RUN" starttime="20220319 13:07:54.528" endtime="20220319 13:07:54.529"/>
</kw>
<status status="NOT RUN" starttime="20220319 13:07:54.528" endtime="20220319 13:07:54.529"/>
</branch>
<branch type="ELSE">
<kw name="Set Local Variable" library="BuiltIn">
<arg>${driver_name}</arg>
<arg>chromedriver</arg>
<doc>Makes a variable available everywhere within the local scope.</doc>
<msg timestamp="20220319 13:07:54.530" level="INFO">${driver_name} = chromedriver</msg>
<status status="PASS" starttime="20220319 13:07:54.529" endtime="20220319 13:07:54.530"/>
</kw>
<status status="PASS" starttime="20220319 13:07:54.529" endtime="20220319 13:07:54.530"/>
</branch>
<status status="PASS" starttime="20220319 13:07:54.528" endtime="20220319 13:07:54.530"/>
</if>
<kw name="Open Browser" library="SeleniumLibrary">
<arg>browser=${BROWSER_NAME}</arg>
<arg>executable_path=${EXECDIR}${/}driver${/}${driver_name}</arg>
<doc>Opens a new browser instance to the optional ``url``.</doc>
<msg timestamp="20220319 13:07:54.530" level="INFO">Opening browser 'chrome' to base url 'None'.</msg>
<status status="PASS" starttime="20220319 13:07:54.530" endtime="20220319 13:07:55.284"/>
</kw>
<kw name="Maximize Browser Window" library="SeleniumLibrary">
<doc>Maximizes current browser window.</doc>
<status status="PASS" starttime="20220319 13:07:55.284" endtime="20220319 13:07:55.403"/>
</kw>
<kw name="Set Selenium Implicit Wait" library="SeleniumLibrary">
<arg>30s</arg>
<doc>Sets the implicit wait value used by Selenium.</doc>
<status status="PASS" starttime="20220319 13:07:55.403" endtime="20220319 13:07:55.405"/>
</kw>
<kw name="Set Screenshot Directory" library="SeleniumLibrary">
<arg>${EXECDIR}${/}screenshot</arg>
<doc>Sets the directory for captured screenshots.</doc>
<status status="PASS" starttime="20220319 13:07:55.405" endtime="20220319 13:07:55.406"/>
</kw>
<kw name="Go To" library="SeleniumLibrary">
<arg>url=${URL}</arg>
<doc>Navigates the current browser window to the provided ``url``.</doc>
<msg timestamp="20220319 13:07:55.406" level="INFO">Opening url 'https://opensource-demo.orangehrmlive.com/'</msg>
<status status="PASS" starttime="20220319 13:07:55.406" endtime="20220319 13:07:59.289"/>
</kw>
<status status="PASS" starttime="20220319 13:07:54.528" endtime="20220319 13:07:59.290"/>
</kw>
<kw name="Enter Username" library="LoginPage">
<arg>Admin</arg>
<kw name="Input Text" library="SeleniumLibrary">
<arg>${USERNAME_LOCATOR}</arg>
<arg>${username}</arg>
<doc>Types the given ``text`` into the text field identified by ``locator``.</doc>
<msg timestamp="20220319 13:07:59.291" level="INFO">Typing text 'Admin' into text field 'id=txtUsername'.</msg>
<status status="PASS" starttime="20220319 13:07:59.291" endtime="20220319 13:07:59.341"/>
</kw>
<status status="PASS" starttime="20220319 13:07:59.290" endtime="20220319 13:07:59.341"/>
</kw>
<kw name="Enter Password" library="LoginPage">
<arg>admin123</arg>
<kw name="Input Text" library="SeleniumLibrary">
<arg>${PASSWORD_LOCATOR}</arg>
<arg>${password}</arg>
<doc>Types the given ``text`` into the text field identified by ``locator``.</doc>
<msg timestamp="20220319 13:07:59.341" level="INFO">Typing text 'admin123' into text field 'id=txtPassword'.</msg>
<status status="PASS" starttime="20220319 13:07:59.341" endtime="20220319 13:07:59.389"/>
</kw>
<status status="PASS" starttime="20220319 13:07:59.341" endtime="20220319 13:07:59.389"/>
</kw>
<kw name="Click Login" library="LoginPage">
<kw name="Click Element" library="SeleniumLibrary">
<arg>${BUTTON_LOCATOR}</arg>
<doc>Click the element identified by ``locator``.</doc>
<msg timestamp="20220319 13:07:59.390" level="INFO">Clicking element 'id=btnLogin'.</msg>
<status status="PASS" starttime="20220319 13:07:59.389" endtime="20220319 13:08:04.731"/>
</kw>
<status status="PASS" starttime="20220319 13:07:59.389" endtime="20220319 13:08:04.731"/>
</kw>
<kw name="Page Should Contain" library="SeleniumLibrary">
<arg>My Info</arg>
<doc>Verifies that current page contains ``text``.</doc>
<msg timestamp="20220319 13:08:04.742" level="INFO">Current page contains text 'My Info'.</msg>
<status status="PASS" starttime="20220319 13:08:04.731" endtime="20220319 13:08:04.742"/>
</kw>
<kw name="Close Browser" library="SeleniumLibrary" type="TEARDOWN">
<doc>Closes the current browser.</doc>
<status status="PASS" starttime="20220319 13:08:04.743" endtime="20220319 13:08:04.799"/>
</kw>
<status status="PASS" starttime="20220319 13:07:54.527" endtime="20220319 13:08:04.799"/>
</test>
<doc>This suite will handle all the test cases related
to valid credential test. Test case TC_OH_2</doc>
<status status="PASS" starttime="20220319 13:07:54.432" endtime="20220319 13:08:04.800"/>
</suite>
<statistics>
<total>
<stat pass="1" fail="0" skip="0">All Tests</stat>
</total>
<tag>
</tag>
<suite>
<stat pass="1" fail="0" skip="0" id="s1" name="Verfiy Validcredential Suite">Verfiy Validcredential Suite</stat>
</suite>
</statistics>
<errors>
</errors>
</robot>
