<?xml version="1.0" encoding="UTF-8"?>
<robot generator="Robot 4.1.3 (Python 3.8.10 on linux)" generated="20220317 15:07:04.314" rpa="false" schemaversion="2">
<suite id="s1" name="Verify Invalidcredential Suite" source="/home/indranee/Robot_Framework/login_suite/verify_invalidcredential_suite.robot">
<test id="s1-t1" name="TC1">
<kw name="Launch Browser" library="CommonFunctionality" type="SETUP">
<kw name="Open Browser" library="SeleniumLibrary">
<arg>browser=${BROWSER_NAME}</arg>
<arg>executable_path=${EXECDIR}${/}driver${/}chromedriver</arg>
<doc>Opens a new browser instance to the optional ``url``.</doc>
<msg timestamp="20220317 15:07:04.400" level="INFO">Opening browser 'chrome' to base url 'None'.</msg>
<status status="PASS" starttime="20220317 15:07:04.400" endtime="20220317 15:07:05.170"/>
</kw>
<kw name="Maximize Browser Window" library="SeleniumLibrary">
<doc>Maximizes current browser window.</doc>
<status status="PASS" starttime="20220317 15:07:05.170" endtime="20220317 15:07:05.274"/>
</kw>
<kw name="Set Selenium Implicit Wait" library="SeleniumLibrary">
<arg>30s</arg>
<doc>Sets the implicit wait value used by Selenium.</doc>
<status status="PASS" starttime="20220317 15:07:05.274" endtime="20220317 15:07:05.275"/>
</kw>
<kw name="Go To" library="SeleniumLibrary">
<arg>url=${URL}</arg>
<doc>Navigates the current browser window to the provided ``url``.</doc>
<msg timestamp="20220317 15:07:05.275" level="INFO">Opening url 'https://opensource-demo.orangehrmlive.com/'</msg>
<status status="PASS" starttime="20220317 15:07:05.275" endtime="20220317 15:07:11.262"/>
</kw>
<status status="PASS" starttime="20220317 15:07:04.400" endtime="20220317 15:07:11.262"/>
</kw>
<kw name="Verify invalid credential test">
<arg>John</arg>
<arg>john123</arg>
<arg>Invalid credentials</arg>
<kw name="Input Text" library="SeleniumLibrary">
<arg>id=txtUsername</arg>
<arg>${username}</arg>
<doc>Types the given ``text`` into the text field identified by ``locator``.</doc>
<msg timestamp="20220317 15:07:11.263" level="INFO">Typing text 'John' into text field 'id=txtUsername'.</msg>
<status status="PASS" starttime="20220317 15:07:11.262" endtime="20220317 15:07:11.317"/>
</kw>
<kw name="Input Password" library="SeleniumLibrary">
<arg>id=txtPassword</arg>
<arg>${password}</arg>
<doc>Types the given password into the text field identified by ``locator``.</doc>
<msg timestamp="20220317 15:07:11.318" level="INFO">Typing password into text field 'id=txtPassword'.</msg>
<msg timestamp="20220317 15:07:11.346" level="INFO">Temporally setting log level to: NONE</msg>
<msg timestamp="20220317 15:07:11.370" level="INFO">Log level changed from NONE to INFO.</msg>
<status status="PASS" starttime="20220317 15:07:11.317" endtime="20220317 15:07:11.370"/>
</kw>
<kw name="Click Element" library="SeleniumLibrary">
<arg>id=btnLogin</arg>
<doc>Click the element identified by ``locator``.</doc>
<msg timestamp="20220317 15:07:11.371" level="INFO">Clicking element 'id=btnLogin'.</msg>
<status status="PASS" starttime="20220317 15:07:11.371" endtime="20220317 15:07:12.886"/>
</kw>
<kw name="Element Text Should Be" library="SeleniumLibrary">
<arg>id=spanMessage</arg>
<arg>${error}</arg>
<doc>Verifies that element ``locator`` contains exact the text ``expected``.</doc>
<msg timestamp="20220317 15:07:12.887" level="INFO">Verifying element 'id=spanMessage' contains exact text 'Invalid credentials'.</msg>
<status status="PASS" starttime="20220317 15:07:12.886" endtime="20220317 15:07:12.904"/>
</kw>
<status status="PASS" starttime="20220317 15:07:11.262" endtime="20220317 15:07:12.904"/>
</kw>
<kw name="Close Browser" library="SeleniumLibrary" type="TEARDOWN">
<doc>Closes the current browser.</doc>
<status status="PASS" starttime="20220317 15:07:12.904" endtime="20220317 15:07:12.960"/>
</kw>
<status status="PASS" starttime="20220317 15:07:04.399" endtime="20220317 15:07:12.960"/>
</test>
<test id="s1-t2" name="TC2">
<kw name="Launch Browser" library="CommonFunctionality" type="SETUP">
<kw name="Open Browser" library="SeleniumLibrary">
<arg>browser=${BROWSER_NAME}</arg>
<arg>executable_path=${EXECDIR}${/}driver${/}chromedriver</arg>
<doc>Opens a new browser instance to the optional ``url``.</doc>
<msg timestamp="20220317 15:07:12.962" level="INFO">Opening browser 'chrome' to base url 'None'.</msg>
<status status="PASS" starttime="20220317 15:07:12.962" endtime="20220317 15:07:13.787"/>
</kw>
<kw name="Maximize Browser Window" library="SeleniumLibrary">
<doc>Maximizes current browser window.</doc>
<status status="PASS" starttime="20220317 15:07:13.788" endtime="20220317 15:07:13.915"/>
</kw>
<kw name="Set Selenium Implicit Wait" library="SeleniumLibrary">
<arg>30s</arg>
<doc>Sets the implicit wait value used by Selenium.</doc>
<status status="PASS" starttime="20220317 15:07:13.915" endtime="20220317 15:07:13.917"/>
</kw>
<kw name="Go To" library="SeleniumLibrary">
<arg>url=${URL}</arg>
<doc>Navigates the current browser window to the provided ``url``.</doc>
<msg timestamp="20220317 15:07:13.917" level="INFO">Opening url 'https://opensource-demo.orangehrmlive.com/'</msg>
<status status="PASS" starttime="20220317 15:07:13.917" endtime="20220317 15:07:20.388"/>
</kw>
<status status="PASS" starttime="20220317 15:07:12.961" endtime="20220317 15:07:20.388"/>
</kw>
<kw name="Verify invalid credential test">
<arg>Peter</arg>
<arg>peter123</arg>
<arg>Invalid credentials</arg>
<kw name="Input Text" library="SeleniumLibrary">
<arg>id=txtUsername</arg>
<arg>${username}</arg>
<doc>Types the given ``text`` into the text field identified by ``locator``.</doc>
<msg timestamp="20220317 15:07:20.389" level="INFO">Typing text 'Peter' into text field 'id=txtUsername'.</msg>
<status status="PASS" starttime="20220317 15:07:20.389" endtime="20220317 15:07:20.439"/>
</kw>
<kw name="Input Password" library="SeleniumLibrary">
<arg>id=txtPassword</arg>
<arg>${password}</arg>
<doc>Types the given password into the text field identified by ``locator``.</doc>
<msg timestamp="20220317 15:07:20.440" level="INFO">Typing password into text field 'id=txtPassword'.</msg>
<msg timestamp="20220317 15:07:20.467" level="INFO">Temporally setting log level to: NONE</msg>
<msg timestamp="20220317 15:07:20.490" level="INFO">Log level changed from NONE to INFO.</msg>
<status status="PASS" starttime="20220317 15:07:20.440" endtime="20220317 15:07:20.490"/>
</kw>
<kw name="Click Element" library="SeleniumLibrary">
<arg>id=btnLogin</arg>
<doc>Click the element identified by ``locator``.</doc>
<msg timestamp="20220317 15:07:20.490" level="INFO">Clicking element 'id=btnLogin'.</msg>
<status status="PASS" starttime="20220317 15:07:20.490" endtime="20220317 15:07:22.058"/>
</kw>
<kw name="Element Text Should Be" library="SeleniumLibrary">
<arg>id=spanMessage</arg>
<arg>${error}</arg>
<doc>Verifies that element ``locator`` contains exact the text ``expected``.</doc>
<msg timestamp="20220317 15:07:22.059" level="INFO">Verifying element 'id=spanMessage' contains exact text 'Invalid credentials'.</msg>
<status status="PASS" starttime="20220317 15:07:22.058" endtime="20220317 15:07:22.075"/>
</kw>
<status status="PASS" starttime="20220317 15:07:20.389" endtime="20220317 15:07:22.075"/>
</kw>
<kw name="Close Browser" library="SeleniumLibrary" type="TEARDOWN">
<doc>Closes the current browser.</doc>
<status status="PASS" starttime="20220317 15:07:22.076" endtime="20220317 15:07:22.137"/>
</kw>
<status status="PASS" starttime="20220317 15:07:12.961" endtime="20220317 15:07:22.137"/>
</test>
<test id="s1-t3" name="TC3">
<kw name="Launch Browser" library="CommonFunctionality" type="SETUP">
<kw name="Open Browser" library="SeleniumLibrary">
<arg>browser=${BROWSER_NAME}</arg>
<arg>executable_path=${EXECDIR}${/}driver${/}chromedriver</arg>
<doc>Opens a new browser instance to the optional ``url``.</doc>
<msg timestamp="20220317 15:07:22.140" level="INFO">Opening browser 'chrome' to base url 'None'.</msg>
<status status="PASS" starttime="20220317 15:07:22.139" endtime="20220317 15:07:22.898"/>
</kw>
<kw name="Maximize Browser Window" library="SeleniumLibrary">
<doc>Maximizes current browser window.</doc>
<status status="PASS" starttime="20220317 15:07:22.898" endtime="20220317 15:07:23.034"/>
</kw>
<kw name="Set Selenium Implicit Wait" library="SeleniumLibrary">
<arg>30s</arg>
<doc>Sets the implicit wait value used by Selenium.</doc>
<status status="PASS" starttime="20220317 15:07:23.035" endtime="20220317 15:07:23.037"/>
</kw>
<kw name="Go To" library="SeleniumLibrary">
<arg>url=${URL}</arg>
<doc>Navigates the current browser window to the provided ``url``.</doc>
<msg timestamp="20220317 15:07:23.038" level="INFO">Opening url 'https://opensource-demo.orangehrmlive.com/'</msg>
<status status="PASS" starttime="20220317 15:07:23.037" endtime="20220317 15:07:27.960"/>
</kw>
<status status="PASS" starttime="20220317 15:07:22.138" endtime="20220317 15:07:27.960"/>
</kw>
<kw name="Verify invalid credential test">
<arg>${EMPTY}</arg>
<arg>admin123</arg>
<arg>Username cannot be empty</arg>
<kw name="Input Text" library="SeleniumLibrary">
<arg>id=txtUsername</arg>
<arg>${username}</arg>
<doc>Types the given ``text`` into the text field identified by ``locator``.</doc>
<msg timestamp="20220317 15:07:27.961" level="INFO">Typing text '' into text field 'id=txtUsername'.</msg>
<status status="PASS" starttime="20220317 15:07:27.961" endtime="20220317 15:07:28.010"/>
</kw>
<kw name="Input Password" library="SeleniumLibrary">
<arg>id=txtPassword</arg>
<arg>${password}</arg>
<doc>Types the given password into the text field identified by ``locator``.</doc>
<msg timestamp="20220317 15:07:28.011" level="INFO">Typing password into text field 'id=txtPassword'.</msg>
<msg timestamp="20220317 15:07:28.037" level="INFO">Temporally setting log level to: NONE</msg>
<msg timestamp="20220317 15:07:28.061" level="INFO">Log level changed from NONE to INFO.</msg>
<status status="PASS" starttime="20220317 15:07:28.010" endtime="20220317 15:07:28.061"/>
</kw>
<kw name="Click Element" library="SeleniumLibrary">
<arg>id=btnLogin</arg>
<doc>Click the element identified by ``locator``.</doc>
<msg timestamp="20220317 15:07:28.062" level="INFO">Clicking element 'id=btnLogin'.</msg>
<status status="PASS" starttime="20220317 15:07:28.061" endtime="20220317 15:07:28.095"/>
</kw>
<kw name="Element Text Should Be" library="SeleniumLibrary">
<arg>id=spanMessage</arg>
<arg>${error}</arg>
<doc>Verifies that element ``locator`` contains exact the text ``expected``.</doc>
<msg timestamp="20220317 15:07:28.095" level="INFO">Verifying element 'id=spanMessage' contains exact text 'Username cannot be empty'.</msg>
<status status="PASS" starttime="20220317 15:07:28.095" endtime="20220317 15:07:28.111"/>
</kw>
<status status="PASS" starttime="20220317 15:07:27.960" endtime="20220317 15:07:28.111"/>
</kw>
<kw name="Close Browser" library="SeleniumLibrary" type="TEARDOWN">
<doc>Closes the current browser.</doc>
<status status="PASS" starttime="20220317 15:07:28.111" endtime="20220317 15:07:28.167"/>
</kw>
<status status="PASS" starttime="20220317 15:07:22.138" endtime="20220317 15:07:28.167"/>
</test>
<test id="s1-t4" name="TC4">
<kw name="Launch Browser" library="CommonFunctionality" type="SETUP">
<kw name="Open Browser" library="SeleniumLibrary">
<arg>browser=${BROWSER_NAME}</arg>
<arg>executable_path=${EXECDIR}${/}driver${/}chromedriver</arg>
<doc>Opens a new browser instance to the optional ``url``.</doc>
<msg timestamp="20220317 15:07:28.169" level="INFO">Opening browser 'chrome' to base url 'None'.</msg>
<status status="PASS" starttime="20220317 15:07:28.168" endtime="20220317 15:07:28.947"/>
</kw>
<kw name="Maximize Browser Window" library="SeleniumLibrary">
<doc>Maximizes current browser window.</doc>
<status status="PASS" starttime="20220317 15:07:28.948" endtime="20220317 15:07:29.092"/>
</kw>
<kw name="Set Selenium Implicit Wait" library="SeleniumLibrary">
<arg>30s</arg>
<doc>Sets the implicit wait value used by Selenium.</doc>
<status status="PASS" starttime="20220317 15:07:29.092" endtime="20220317 15:07:29.094"/>
</kw>
<kw name="Go To" library="SeleniumLibrary">
<arg>url=${URL}</arg>
<doc>Navigates the current browser window to the provided ``url``.</doc>
<msg timestamp="20220317 15:07:29.095" level="INFO">Opening url 'https://opensource-demo.orangehrmlive.com/'</msg>
<status status="PASS" starttime="20220317 15:07:29.094" endtime="20220317 15:07:33.273"/>
</kw>
<status status="PASS" starttime="20220317 15:07:28.168" endtime="20220317 15:07:33.273"/>
</kw>
<kw name="Verify invalid credential test">
<arg>Admin</arg>
<arg>${EMPTY}</arg>
<arg>Password cannot be empty</arg>
<kw name="Input Text" library="SeleniumLibrary">
<arg>id=txtUsername</arg>
<arg>${username}</arg>
<doc>Types the given ``text`` into the text field identified by ``locator``.</doc>
<msg timestamp="20220317 15:07:33.275" level="INFO">Typing text 'Admin' into text field 'id=txtUsername'.</msg>
<status status="PASS" starttime="20220317 15:07:33.275" endtime="20220317 15:07:33.324"/>
</kw>
<kw name="Input Password" library="SeleniumLibrary">
<arg>id=txtPassword</arg>
<arg>${password}</arg>
<doc>Types the given password into the text field identified by ``locator``.</doc>
<msg timestamp="20220317 15:07:33.325" level="INFO">Typing password into text field 'id=txtPassword'.</msg>
<msg timestamp="20220317 15:07:33.349" level="INFO">Temporally setting log level to: NONE</msg>
<msg timestamp="20220317 15:07:33.369" level="INFO">Log level changed from NONE to INFO.</msg>
<status status="PASS" starttime="20220317 15:07:33.325" endtime="20220317 15:07:33.370"/>
</kw>
<kw name="Click Element" library="SeleniumLibrary">
<arg>id=btnLogin</arg>
<doc>Click the element identified by ``locator``.</doc>
<msg timestamp="20220317 15:07:33.370" level="INFO">Clicking element 'id=btnLogin'.</msg>
<status status="PASS" starttime="20220317 15:07:33.370" endtime="20220317 15:07:33.401"/>
</kw>
<kw name="Element Text Should Be" library="SeleniumLibrary">
<arg>id=spanMessage</arg>
<arg>${error}</arg>
<doc>Verifies that element ``locator`` contains exact the text ``expected``.</doc>
<msg timestamp="20220317 15:07:33.401" level="INFO">Verifying element 'id=spanMessage' contains exact text 'Password cannot be empty'.</msg>
<status status="PASS" starttime="20220317 15:07:33.401" endtime="20220317 15:07:33.416"/>
</kw>
<status status="PASS" starttime="20220317 15:07:33.273" endtime="20220317 15:07:33.416"/>
</kw>
<kw name="Close Browser" library="SeleniumLibrary" type="TEARDOWN">
<doc>Closes the current browser.</doc>
<status status="PASS" starttime="20220317 15:07:33.417" endtime="20220317 15:07:33.472"/>
</kw>
<status status="PASS" starttime="20220317 15:07:28.167" endtime="20220317 15:07:33.472"/>
</test>
<doc>This suite will handle all the test cases related
to valid credential test. Test case TC_OH_3</doc>
<status status="PASS" starttime="20220317 15:07:04.314" endtime="20220317 15:07:33.473"/>
</suite>
<statistics>
<total>
<stat pass="4" fail="0" skip="0">All Tests</stat>
</total>
<tag>
</tag>
<suite>
<stat pass="4" fail="0" skip="0" id="s1" name="Verify Invalidcredential Suite">Verify Invalidcredential Suite</stat>
</suite>
</statistics>
<errors>
</errors>
</robot>
